<?xml version="1.0" encoding="UTF-8"?>
<testng-results skipped="0" failed="0" total="1" passed="1">
  <reporter-output>
  </reporter-output>
  <suite name="Default suite" duration-ms="57263" started-at="2016-08-30T15:29:57Z" finished-at="2016-08-30T15:30:54Z">
    <groups>
    </groups>
    <test name="Default test" duration-ms="57263" started-at="2016-08-30T15:29:57Z" finished-at="2016-08-30T15:30:54Z">
      <class name="testNGDemo.ScreenshotDemo">
        <test-method status="PASS" signature="openBrowser()[pri:0, instance:testNGDemo.ScreenshotDemo@5bef66]" name="openBrowser" is-config="true" duration-ms="22111" started-at="2016-08-30T20:59:57Z" finished-at="2016-08-30T21:00:19Z">
          <reporter-output>
          </reporter-output>
        </test-method> <!-- openBrowser -->
        <test-method status="PASS" signature="bookTiket()[pri:0, instance:testNGDemo.ScreenshotDemo@5bef66]" name="bookTiket" duration-ms="35102" started-at="2016-08-30T21:00:19Z" finished-at="2016-08-30T21:00:54Z">
          <reporter-output>
          </reporter-output>
        </test-method> <!-- bookTiket -->
      </class> <!-- testNGDemo.ScreenshotDemo -->
    </test> <!-- Default test -->
  </suite> <!-- Default suite -->
</testng-results>
